{
  "RSpec": {
    "coverage": {
      "/Users/vidoseaver/turing/4/hotbox/config/environment.rb": [
        null,
        1,
        null,
        null,
        1
      ],
      "/Users/vidoseaver/turing/4/hotbox/config/application.rb": [
        1,
        null,
        1,
        null,
        1,
        1,
        1,
        1,
        1,
        1,
        1,
        1,
        null,
        null,
        null,
        null,
        1,
        null,
        1,
        1,
        1,
        1,
        1,
        1,
        null,
        null,
        null,
        null,
        null
      ],
      "/Users/vidoseaver/turing/4/hotbox/config/boot.rb": [
        1,
        null,
        1
      ],
      "/Users/vidoseaver/turing/4/hotbox/config/environments/test.rb": [
        1,
        null,
        null,
        null,
        null,
        null,
        null,
        1,
        null,
        null,
        null,
        null,
        1,
        null,
        null,
        1,
        1,
        null,
        null,
        null,
        null,
        1,
        1,
        null,
        null,
        1,
        null,
        null,
        1,
        1,
        null,
        null,
        null,
        null,
        1,
        null,
        null,
        1,
        null,
        null,
        null,
        null
      ],
      "/Users/vidoseaver/turing/4/hotbox/config/initializers/application_controller_renderer.rb": [
        null,
        null,
        null,
        null,
        null,
        null
      ],
      "/Users/vidoseaver/turing/4/hotbox/config/initializers/assets.rb": [
        null,
        null,
        null,
        1,
        null,
        null,
        null,
        null,
        null,
        null,
        null
      ],
      "/Users/vidoseaver/turing/4/hotbox/config/initializers/backtrace_silencers.rb": [
        null,
        null,
        null,
        null,
        null,
        null,
        null
      ],
      "/Users/vidoseaver/turing/4/hotbox/config/initializers/cookies_serializer.rb": [
        null,
        null,
        null,
        null,
        1
      ],
      "/Users/vidoseaver/turing/4/hotbox/config/initializers/filter_parameter_logging.rb": [
        null,
        null,
        null,
        1
      ],
      "/Users/vidoseaver/turing/4/hotbox/config/initializers/inflections.rb": [
        null,
        null,
        null,
        null,
        null,
        null,
        null,
        null,
        null,
        null,
        null,
        null,
        null,
        null,
        null,
        null
      ],
      "/Users/vidoseaver/turing/4/hotbox/config/initializers/mime_types.rb": [
        null,
        null,
        null,
        null
      ],
      "/Users/vidoseaver/turing/4/hotbox/config/initializers/new_framework_defaults.rb": [
        null,
        null,
        null,
        null,
        null,
        null,
        null,
        1,
        null,
        null,
        1,
        null,
        null,
        null,
        1,
        null,
        null,
        1,
        null,
        null,
        1,
        null,
        null,
        1
      ],
      "/Users/vidoseaver/turing/4/hotbox/config/initializers/session_store.rb": [
        null,
        null,
        1
      ],
      "/Users/vidoseaver/turing/4/hotbox/config/initializers/wrap_parameters.rb": [
        null,
        null,
        null,
        null,
        null,
        null,
        1,
        2,
        null,
        null,
        null,
        null,
        null,
        null
      ],
      "/Users/vidoseaver/turing/4/hotbox/config/routes.rb": [
        1,
        null,
        null,
        1,
        null,
        null,
        null,
        null,
        null,
        null
      ],
      "/Users/vidoseaver/turing/4/hotbox/app/helpers/hotbox_helper.rb": [
        1,
        null
      ],
      "/Users/vidoseaver/turing/4/hotbox/app/controllers/hotbox_controller.rb": [
        1,
        1,
        null,
        null
      ],
      "/Users/vidoseaver/turing/4/hotbox/app/controllers/application_controller.rb": [
        1,
        1,
        null,
        null
      ]
    },
    "timestamp": 1487031505
  }
}
